make all --print-data-base --no-builtin-variables --no-builtin-rules --question
# GNU Make 4.2.1
# Built for x86_64-pc-linux-gnu
# Copyright (C) 1988-2016 Free Software Foundation, Inc.
# License GPLv3+: GNU GPL version 3 or later <http://gnu.org/licenses/gpl.html>
# This is free software: you are free to change and redistribute it.
# There is NO WARRANTY, to the extent permitted by law.
 

# Make data base, printed on Sat Jun 18 12:45:30 2022

# Variables

# 'override' directive
GNUMAKEFLAGS := 
# automatic
<D = $(patsubst %/,%,$(dir $<))
# automatic
?F = $(notdir $?)
# environment
DESKTOP_SESSION = xfce
# default
.SHELLFLAGS := -c
# environment
XDG_SESSION_CLASS = user
# environment
SNAP_COMMON = /var/snap/code/common
# environment
XDG_SESSION_TYPE = x11
# environment
VSCODE_LOG_NATIVE = false
# automatic
?D = $(patsubst %/,%,$(dir $?))
# automatic
@D = $(patsubst %/,%,$(dir $@))
# environment
XAUTHORITY = /run/user/1000/gdm/Xauthority
# environment
GDMSESSION = xfce
# default
MAKE_VERSION := 4.2.1
# makefile
CURDIR := /home/nick_thomas/Data/SRC/VisualStudioCode_Projects/C/PulseAudioMetronome
# makefile
SHELL = /bin/sh
# environment
SNAP_DATA = /var/snap/code/99
# environment
VSCODE_NLS_CONFIG = {"locale":"en-gb","availableLanguages":{},"_languagePackSupport":true}
# environment
_ = /snap/code/99/usr/share/code/code
# environment
XDG_CONFIG_DIRS = /etc/xdg/xdg-xfce:/etc/xdg:/etc/xdg
# environment
SNAP_INSTANCE_NAME = code
# environment
SNAP_ARCH = amd64
# makefile (from 'Makefile', line 1)
MAKEFILE_LIST :=  Makefile
# automatic
@F = $(notdir $@)
# environment
USERNAME = nick_thomas
# environment
XDG_DATA_DIRS = /usr/share/xfce4:/usr/share/xfce4:/usr/share/xfce:/usr/local/share/:/usr/share/:/var/lib/snapd/desktop:/usr/share
# environment
DBUS_SESSION_BUS_ADDRESS = unix:path=/run/user/1000/bus
# environment
VSCODE_VERBOSE_LOGGING = true
# environment
LESSOPEN = | /usr/bin/lesspipe %s
# environment
VSCODE_CWD = /home/nick_thomas
# environment
GSETTINGS_SCHEMA_DIR = /snap/code/99/usr/share/glib-2.0/schemas
# default
MAKE_HOST := x86_64-pc-linux-gnu
# environment
PATH = /usr/local/sbin:/usr/local/bin:/usr/sbin:/usr/bin:/sbin:/bin:/usr/games:/usr/local/games:/snap/bin
# environment
SESSION_MANAGER = local/NTE5530:@/tmp/.ICE-unix/75181,unix/NTE5530:/tmp/.ICE-unix/75181
# environment
BAMF_DESKTOP_FILE_HINT = /var/lib/snapd/desktop/applications/code_code.desktop
# environment
GDK_PIXBUF_MODULE_FILE = /home/nick_thomas/snap/code/common/.cache/gdk-pixbuf-loaders.cache
# environment
SNAP = /snap/code/99
# environment
SNAP_VERSION = 30d9c6cd
# environment
XDG_MENU_PREFIX = xfce-
# environment
VSCODE_LOG_STACK = false
# environment
DISABLE_WAYLAND = 1
# environment
ELECTRON_RUN_AS_NODE = 1
# environment
GDK_PIXBUF_MODULEDIR = /snap/code/99/usr/lib/x86_64-linux-gnu/gdk-pixbuf-2.0/2.10.0/loaders
# default
.FEATURES := target-specific order-only second-expansion else-if shortest-stem undefine oneshell archives jobserver output-sync check-symlink load
# environment
LS_COLORS = 
# environment
XDG_SESSION_DESKTOP = xfce
# environment
SSH_AUTH_SOCK = /tmp/ssh-2vrJgYqDipTd/agent.75181
# automatic
%F = $(notdir $%)
# environment
DISPLAY = :0.0
# environment
VSCODE_PIPE_LOGGING = true
# environment
SNAP_INSTANCE_KEY = 
# environment
PWD = /home/nick_thomas/Data/SRC/VisualStudioCode_Projects/C/PulseAudioMetronome
# default
.LOADED := 
# environment
XDG_SEAT = seat0
# environment
SSH_AGENT_PID = 75248
# environment
ORIGINAL_XDG_CURRENT_DESKTOP = XFCE
# environment
GTK_MODULES = gail:atk-bridge
# environment
VSCODE_AMD_ENTRYPOINT = vs/workbench/api/node/extensionHostProcess
# environment
HOME = /home/nick_thomas
# environment
LESSCLOSE = /usr/bin/lesspipe %s %s
# environment
VSCODE_CLI = 1
# environment
VSCODE_CODE_CACHE_PATH = /home/nick_thomas/.config/Code/CachedData/30d9c6cd9483b2cc586687151bcbcd635f373630
# environment
LOGNAME = nick_thomas
# environment
 
APPLICATION_INSIGHTS_NO_DIAGNOSTIC_CHANNEL = 1
# environment
SNAP_LIBRARY_PATH = /var/lib/snapd/lib/gl:/var/lib/snapd/lib/gl32:/var/lib/snapd/void
# environment
SNAP_CONTEXT = Unj9aeON4akfTF8kBG3byKQZrOrpnDcWAoZA-OJCucQ9yJg_9lnl
# environment
ELECTRON_NO_ATTACH_CONSOLE = 1
# environment
SNAP_USER_COMMON = /home/nick_thomas/snap/code/common
# environment
VSCODE_HANDLES_UNCAUGHT_ERRORS = true
# automatic
^D = $(patsubst %/,%,$(dir $^))
# environment
XDG_VTNR = 2
# environment
MAKELEVEL := 0
# environment
SNAP_REAL_HOME = /home/nick_thomas
# default
MAKE = $(MAKE_COMMAND)
# default
MAKECMDGOALS := all
# environment
SNAP_USER_DATA = /home/nick_thomas/snap/code/99
# environment
SHLVL = 1
# environment
VSCODE_IPC_HOOK_EXTHOST = /run/user/1000/vscode-ipc-f3f1e819-865d-4b10-bf62-fc33f5cc4115.sock
# environment
XDG_SESSION_ID = 26
# environment
USER = nick_thomas
# environment
SNAP_REVISION = 99
# makefile
.DEFAULT_GOAL := all
# environment
XDG_CURRENT_DESKTOP = XFCE
# automatic
%D = $(patsubst %/,%,$(dir $%))
# default
MAKE_COMMAND := make
# default
.VARIABLES := 
# automatic
*F = $(notdir $*)
# environment
LANGUAGE = en_GB:en
# environment
VSCODE_IPC_HOOK = /run/user/1000/vscode-564e88a6-1.68.1-main.sock
# environment
PANEL_GDK_CORE_DEVICE_EVENTS = 0
# makefile
MAKEFLAGS = pqrR
# environment
MFLAGS = -pqrR
# automatic
*D = $(patsubst %/,%,$(dir $*))
# automatic
+D = $(patsubst %/,%,$(dir $+))
# environment
GDK_BACKEND = x11
# automatic
+F = $(notdir $+)
# environment
QT_ACCESSIBILITY = 1
# default
MAKEFILES := 
# environment
SNAP_COOKIE = Unj9aeON4akfTF8kBG3byKQZrOrpnDcWAoZA-OJCucQ9yJg_9lnl
# automatic
<F = $(notdir $<)
# environment
XAUTHLOCALHOSTNAME = 
# environment
SNAP_NAME = code
# environment
LC_ALL = C
# automatic
^F = $(notdir $^)
# default
SUFFIXES := 
# environment
SNAP_REEXEC = 
 
# environment
CHROME_DESKTOP = code-url-handler.desktop
# environment
WINDOWPATH = 2
# default
.INCLUDE_DIRS = /usr/include /usr/local/include /usr/include
# default
.RECIPEPREFIX := 
# environment
XDG_RUNTIME_DIR = /run/user/1000
# environment
LANG = C
# environment
VSCODE_PID = 80482
# variable set hash-table stats:
# Load=113/1024=11%, Rehash=0, Collisions=18/141=13%

# Pattern-specific Variable Values

# No pattern-specific variable values.

# Directories

# . (device 64769, inode 12848337): 22 files, no impossibilities.

# 22 files, no impossibilities in 1 directories.

# Implicit Rules

%.o: %.c
#  recipe to execute (from 'Makefile', line 8):
	gcc -O2 -c $<
	

# 1 implicit rules, 0 (0.0%) terminal.

# Files

all: Metronome
#  Command line target.
#  Implicit rule search has been done.
#  File does not exist.
#  File has been updated.
#  Needs to be updated (-q is set).
# variable set hash-table stats:
# Load=0/32=0%, Rehash=0, Collisions=0/3=0%

.PHONY: clean
#  Implicit rule search has not been done.
#  Modification time never checked.
#  File has not been updated.

# Not a target:
Mutex.o:
#  Implicit rule search has not been done.
#  Modification time never checked.
#  File has not been updated.

# Not a target:
Makefile:
#  Implicit rule search has been done.
#  Last modified 2022-06-18 10:19:03.379282822
#  File has been updated.
#  Successfully updated.

# Not a target:
Metronome.c:
#  Implicit rule search has been done.
#  Last modified 2022-06-18 11:06:48.475154011
#  File has been updated.
#  Successfully updated.

# Not a target:
.DEFAULT:
#  Implicit rule search has not been done.
#  Modification time never checked.
#  File has not been updated.

clean:
#  Phony target (prerequisite of .PHONY).
#  Implicit rule search has not been done.
#  File does not exist.
#  File has not been updated.
#  recipe to execute (from 'Makefile', line 16):
	rm -f *.o Metronome

# Not a target:
PCMPlayer.o:
#  Implicit rule search has not been done.
#  Modification time never checked.
#  File has not been updated.

# Not a target:
Socket.o:
#  Implicit rule search has not been done.
#  Modification time never checked.
#  File has not been updated.

Metronome: Metronome.o Mutex.o PCMPlayer.o Socket.o
#  Implicit rule search has not been done.
#  Last modified 2022-06-18 11:05:40.906830037
#  File has been updated.
#  Needs to be updated (-q is set).
# variable set hash-table stats:
# Load=0/32=0%, Rehash=0, Collisions=0/3=0%
#  recipe to execute (from 'Makefile', line 11):
	gcc -O2 Metronome.o Mutex.o PCMPlayer.o Socket.o -o Metronome `pkg-config --cflags --libs libpulse` -lpthread
	
	

Metronome.o: Metronome.c
#  Implicit rule search has been done.
#  Implicit/static pattern stem: 'Metronome'
#  Last modified 2022-06-18 11:05:40.566828174
#  File has been updated.
#  Needs to be updated (-q is set).
# automatic
# @ := Metronome.o
# automatic
# % := 
# automatic
# * := Metronome
# automatic
# + := Metronome.c
# automatic
# | := 
# automatic
# < := Metronome.c
# automatic
# ^ := Metronome.c
# automatic
# ? := Metronome.c
# variable set hash-table stats:
# Load=8/32=25%, Rehash=0, Collisions=1/12=8%
#  recipe to execute (from 'Makefile', line 8):
	gcc -O2 -c $<
	

# files hash-table stats:
# Load=12/1024=1%, Rehash=0, Collisions=0/34=0%
# VPATH Search Paths

# No 'vpath' search paths.

# No general ('VPATH' variable) search path.

# strcache buffers: 1 (0) / strings = 31 / storage = 282 B / avg = 9 B
# current buf: size = 8162 B / used = 282 B / count = 31 / avg = 9 B

# strcache performance: lookups = 50 / hit rate = 38%
# hash-table stats:
# Load=31/8192=0%, Rehash=0, Collisions=1/50=2%
# Finished Make data base on Sat Jun 18 12:45:30 2022

 
